<?xml version="1.0" encoding="UTF-8"?>
<!-- Generated by org.testng.reporters.JUnitReportReporter -->
<testsuite hostname="PRAJWAL" failures="0" tests="1" name="testcases.Firstpage" time="50.524" errors="0" timestamp="24 Jul 2020 03:30:35 GMT">
  <testcase classname="testcases.Firstpage" name="FirstpageTest" time="50.524"/>
</testsuite> <!-- testcases.Firstpage -->
