<?xml version="1.0" encoding="UTF-8"?>
<!-- Generated by org.testng.reporters.JUnitReportReporter -->
<testsuite hostname="PRAJWAL" failures="0" tests="1" name="testcases.Flipkart" time="103.372" errors="0" timestamp="24 Jul 2020 03:41:31 GMT">
  <testcase classname="testcases.Flipkart" name="FirstpageTest" time="103.372"/>
</testsuite> <!-- testcases.Flipkart -->
